0 info it worked if it ends with ok
1 verbose cli [ '/Users/kevinoleary/.nvm/versions/node/v5.0.0/bin/node',
1 verbose cli   '/Users/kevinoleary/.nvm/versions/node/v5.0.0/bin/npm',
1 verbose cli   'start' ]
2 info using npm@3.3.6
3 info using node@v5.0.0
4 verbose run-script [ 'prestart', 'start', 'poststart' ]
5 info lifecycle angular2-material-datepicker@0.3.2~prestart: angular2-material-datepicker@0.3.2
6 silly lifecycle angular2-material-datepicker@0.3.2~prestart: no script for prestart, continuing
7 info lifecycle angular2-material-datepicker@0.3.2~start: angular2-material-datepicker@0.3.2
8 verbose lifecycle angular2-material-datepicker@0.3.2~start: unsafe-perm in lifecycle true
9 verbose lifecycle angular2-material-datepicker@0.3.2~start: PATH: /Users/kevinoleary/.nvm/versions/node/v5.0.0/lib/node_modules/npm/bin/node-gyp-bin:/Users/kevinoleary/Coding/Angular-2-Datepicker/node_modules/.bin:/Users/kevinoleary/.nvm/versions/node/v5.0.0/bin:/usr/bin:/bin:/usr/sbin:/sbin:/usr/local/bin:/opt/X11/bin:/usr/local/git/bin
10 verbose lifecycle angular2-material-datepicker@0.3.2~start: CWD: /Users/kevinoleary/Coding/Angular-2-Datepicker
11 silly lifecycle angular2-material-datepicker@0.3.2~start: Args: [ '-c', 'tsc && concurrently "tsc -w" "lite-server" ' ]
12 silly lifecycle angular2-material-datepicker@0.3.2~start: Returned: code: 1  signal: null
13 info lifecycle angular2-material-datepicker@0.3.2~start: Failed to exec start script
14 verbose stack Error: angular2-material-datepicker@0.3.2 start: `tsc && concurrently "tsc -w" "lite-server" `
14 verbose stack Exit status 1
14 verbose stack     at EventEmitter.<anonymous> (/Users/kevinoleary/.nvm/versions/node/v5.0.0/lib/node_modules/npm/lib/utils/lifecycle.js:233:16)
14 verbose stack     at emitTwo (events.js:87:13)
14 verbose stack     at EventEmitter.emit (events.js:172:7)
14 verbose stack     at ChildProcess.<anonymous> (/Users/kevinoleary/.nvm/versions/node/v5.0.0/lib/node_modules/npm/lib/utils/spawn.js:24:14)
14 verbose stack     at emitTwo (events.js:87:13)
14 verbose stack     at ChildProcess.emit (events.js:172:7)
14 verbose stack     at maybeClose (internal/child_process.js:818:16)
14 verbose stack     at Process.ChildProcess._handle.onexit (internal/child_process.js:211:5)
15 verbose pkgid angular2-material-datepicker@0.3.2
16 verbose cwd /Users/kevinoleary/Coding/Angular-2-Datepicker
17 error Darwin 14.4.0
18 error argv "/Users/kevinoleary/.nvm/versions/node/v5.0.0/bin/node" "/Users/kevinoleary/.nvm/versions/node/v5.0.0/bin/npm" "start"
19 error node v5.0.0
20 error npm  v3.3.6
21 error code ELIFECYCLE
22 error angular2-material-datepicker@0.3.2 start: `tsc && concurrently "tsc -w" "lite-server" `
22 error Exit status 1
23 error Failed at the angular2-material-datepicker@0.3.2 start script 'tsc && concurrently "tsc -w" "lite-server" '.
23 error This is most likely a problem with the angular2-material-datepicker package,
23 error not with npm itself.
23 error Tell the author that this fails on your system:
23 error     tsc && concurrently "tsc -w" "lite-server"
23 error You can get their info via:
23 error     npm owner ls angular2-material-datepicker
23 error There is likely additional logging output above.
24 verbose exit [ 1, true ]
